Creation of the directory /gpfs/projects/bgmp/pberry/Bi624/demultiplexing-paulaberry/GTAGCGTA failed
Creation of the directory /gpfs/projects/bgmp/pberry/Bi624/demultiplexing-paulaberry/CGATCGAT failed
Creation of the directory /gpfs/projects/bgmp/pberry/Bi624/demultiplexing-paulaberry/GATCAAGG failed
Creation of the directory /gpfs/projects/bgmp/pberry/Bi624/demultiplexing-paulaberry/AACAGCGA failed
Creation of the directory /gpfs/projects/bgmp/pberry/Bi624/demultiplexing-paulaberry/TAGCCATG failed
Creation of the directory /gpfs/projects/bgmp/pberry/Bi624/demultiplexing-paulaberry/CGGTAATC failed
Creation of the directory /gpfs/projects/bgmp/pberry/Bi624/demultiplexing-paulaberry/CTCTGGAT failed
Creation of the directory /gpfs/projects/bgmp/pberry/Bi624/demultiplexing-paulaberry/TACCGGAT failed
Creation of the directory /gpfs/projects/bgmp/pberry/Bi624/demultiplexing-paulaberry/CTAGCTCA failed
Creation of the directory /gpfs/projects/bgmp/pberry/Bi624/demultiplexing-paulaberry/CACTTCAC failed
Creation of the directory /gpfs/projects/bgmp/pberry/Bi624/demultiplexing-paulaberry/GCTACTCT failed
Creation of the directory /gpfs/projects/bgmp/pberry/Bi624/demultiplexing-paulaberry/ACGATCAG failed
Creation of the directory /gpfs/projects/bgmp/pberry/Bi624/demultiplexing-paulaberry/TATGGCAC failed
Creation of the directory /gpfs/projects/bgmp/pberry/Bi624/demultiplexing-paulaberry/TGTTCCGT failed
Creation of the directory /gpfs/projects/bgmp/pberry/Bi624/demultiplexing-paulaberry/GTCCTAAG failed
Creation of the directory /gpfs/projects/bgmp/pberry/Bi624/demultiplexing-paulaberry/TCGACAAG failed
Creation of the directory /gpfs/projects/bgmp/pberry/Bi624/demultiplexing-paulaberry/TCTTCGAC failed
Creation of the directory /gpfs/projects/bgmp/pberry/Bi624/demultiplexing-paulaberry/ATCATGCG failed
Creation of the directory /gpfs/projects/bgmp/pberry/Bi624/demultiplexing-paulaberry/ATCGTGGT failed
Creation of the directory /gpfs/projects/bgmp/pberry/Bi624/demultiplexing-paulaberry/TCGAGAGT failed
Creation of the directory /gpfs/projects/bgmp/pberry/Bi624/demultiplexing-paulaberry/TCGGATTC failed
Creation of the directory /gpfs/projects/bgmp/pberry/Bi624/demultiplexing-paulaberry/GATCTTGC failed
Creation of the directory /gpfs/projects/bgmp/pberry/Bi624/demultiplexing-paulaberry/AGAGTCCA failed
Creation of the directory /gpfs/projects/bgmp/pberry/Bi624/demultiplexing-paulaberry/AGGATAGC failed
