	Command being timed: "zcat /projects/bgmp/shared/2017_sequencing/1294_S1_L008_R2_001.fastq.gz /projects/bgmp/shared/2017_sequencing/1294_S1_L008_R3_001.fastq.gz"
	User time (seconds): 209.77
	System time (seconds): 5.98
	Percent of CPU this job got: 31%
	Elapsed (wall clock) time (h:mm:ss or m:ss): 11:19.78
	Average shared text size (kbytes): 0
	Average unshared data size (kbytes): 0
	Average stack size (kbytes): 0
	Average total size (kbytes): 0
	Maximum resident set size (kbytes): 1456
	Average resident set size (kbytes): 0
	Major (requiring I/O) page faults: 0
	Minor (reclaiming a frame) page faults: 919
	Voluntary context switches: 751446
	Involuntary context switches: 61
	Swaps: 0
	File system inputs: 0
	File system outputs: 0
	Socket messages sent: 0
	Socket messages received: 0
	Signals delivered: 0
	Page size (bytes): 4096
	Exit status: 0
